# JRE version: Java(TM) SE Runtime Environment (8.0_201-b09) (build 1.8.0_201-b09)
# Java VM: Java HotSpot(TM) 64-Bit Server VM (25.201-b09 mixed mode windows-amd64 compressed oops)
Heap:
 PSYoungGen      total 150528K, used 58462K [0x00000000f5580000, 0x0000000100000000, 0x0000000100000000)
  eden space 138752K, 33% used [0x00000000f5580000,0x00000000f831a1a8,0x00000000fdd00000)
  from space 11776K, 99% used [0x00000000ff480000,0x00000000ffffd970,0x0000000100000000)
  to   space 17920K, 0% used [0x00000000fdd00000,0x00000000fdd00000,0x00000000fee80000)
 ParOldGen       total 53760K, used 24464K [0x00000000e0000000, 0x00000000e3480000, 0x00000000f5580000)
  object space 53760K, 45% used [0x00000000e0000000,0x00000000e17e4038,0x00000000e3480000)
 Metaspace       used 55766K, capacity 58056K, committed 58240K, reserved 1099776K
  class space    used 7874K, capacity 8317K, committed 8320K, reserved 1048576K
GC Heap History (10 events):
Event: 3.791 GC heap before
{Heap before GC invocations=8 (full 1):
 PSYoungGen      total 116736K, used 116575K [0x00000000f5580000, 0x00000000fe600000, 0x0000000100000000)
  eden space 109568K, 99% used [0x00000000f5580000,0x00000000fc0773a8,0x00000000fc080000)
  from space 7168K, 98% used [0x00000000fdf00000,0x00000000fe5e0950,0x00000000fe600000)
  to   space 8192K, 0% used [0x00000000fd600000,0x00000000fd600000,0x00000000fde00000)
 ParOldGen       total 53760K, used 6360K [0x00000000e0000000, 0x00000000e3480000, 0x00000000f5580000)
  object space 53760K, 11% used [0x00000000e0000000,0x00000000e06363f8,0x00000000e3480000)
 Metaspace       used 31833K, capacity 32658K, committed 33024K, reserved 1077248K
  class space    used 4503K, capacity 4748K, committed 4864K, reserved 1048576K
Event: 3.801 GC heap after
Heap after GC invocations=8 (full 1):
 PSYoungGen      total 139776K, used 8177K [0x00000000f5580000, 0x0000000100000000, 0x0000000100000000)
  eden space 131584K, 0% used [0x00000000f5580000,0x00000000f5580000,0x00000000fd600000)
  from space 8192K, 99% used [0x00000000fd600000,0x00000000fddfc7f8,0x00000000fde00000)
  to   space 10752K, 0% used [0x00000000ff580000,0x00000000ff580000,0x0000000100000000)
 ParOldGen       total 53760K, used 9864K [0x00000000e0000000, 0x00000000e3480000, 0x00000000f5580000)
  object space 53760K, 18% used [0x00000000e0000000,0x00000000e09a2218,0x00000000e3480000)
 Metaspace       used 31833K, capacity 32658K, committed 33024K, reserved 1077248K
  class space    used 4503K, capacity 4748K, committed 4864K, reserved 1048576K
}
Event: 4.368 GC heap before
{Heap before GC invocations=9 (full 1):
 PSYoungGen      total 139776K, used 72606K [0x00000000f5580000, 0x0000000100000000, 0x0000000100000000)
  eden space 131584K, 48% used [0x00000000f5580000,0x00000000f946b278,0x00000000fd600000)
  from space 8192K, 99% used [0x00000000fd600000,0x00000000fddfc7f8,0x00000000fde00000)
  to   space 10752K, 0% used [0x00000000ff580000,0x00000000ff580000,0x0000000100000000)
 ParOldGen       total 53760K, used 9864K [0x00000000e0000000, 0x00000000e3480000, 0x00000000f5580000)
  object space 53760K, 18% used [0x00000000e0000000,0x00000000e09a2218,0x00000000e3480000)
 Metaspace       used 34278K, capacity 35364K, committed 35496K, reserved 1079296K
  class space    used 4861K, capacity 5105K, committed 5120K, reserved 1048576K
Event: 4.376 GC heap after
Heap after GC invocations=9 (full 1):
 PSYoungGen      total 161792K, used 10004K [0x00000000f5580000, 0x0000000100000000, 0x0000000100000000)
  eden space 151040K, 0% used [0x00000000f5580000,0x00000000f5580000,0x00000000fe900000)
  from space 10752K, 93% used [0x00000000ff580000,0x00000000fff45350,0x0000000100000000)
  to   space 11776K, 0% used [0x00000000fe900000,0x00000000fe900000,0x00000000ff480000)
 ParOldGen       total 53760K, used 9872K [0x00000000e0000000, 0x00000000e3480000, 0x00000000f5580000)
  object space 53760K, 18% used [0x00000000e0000000,0x00000000e09a4218,0x00000000e3480000)
 Metaspace       used 34278K, capacity 35364K, committed 35496K, reserved 1079296K
  class space    used 4861K, capacity 5105K, committed 5120K, reserved 1048576K
}
Event: 4.376 GC heap before
{Heap before GC invocations=10 (full 2):
 PSYoungGen      total 161792K, used 10004K [0x00000000f5580000, 0x0000000100000000, 0x0000000100000000)
  eden space 151040K, 0% used [0x00000000f5580000,0x00000000f5580000,0x00000000fe900000)
  from space 10752K, 93% used [0x00000000ff580000,0x00000000fff45350,0x0000000100000000)
  to   space 11776K, 0% used [0x00000000fe900000,0x00000000fe900000,0x00000000ff480000)
 ParOldGen       total 53760K, used 9872K [0x00000000e0000000, 0x00000000e3480000, 0x00000000f5580000)
  object space 53760K, 18% used [0x00000000e0000000,0x00000000e09a4218,0x00000000e3480000)
 Metaspace       used 34278K, capacity 35364K, committed 35496K, reserved 1079296K
  class space    used 4861K, capacity 5105K, committed 5120K, reserved 1048576K
Event: 4.438 GC heap after
Heap after GC invocations=10 (full 2):
 PSYoungGen      total 161792K, used 0K [0x00000000f5580000, 0x0000000100000000, 0x0000000100000000)
  eden space 151040K, 0% used [0x00000000f5580000,0x00000000f5580000,0x00000000fe900000)
  from space 10752K, 0% used [0x00000000ff580000,0x00000000ff580000,0x0000000100000000)
  to   space 11776K, 0% used [0x00000000fe900000,0x00000000fe900000,0x00000000ff480000)
 ParOldGen       total 53760K, used 14206K [0x00000000e0000000, 0x00000000e3480000, 0x00000000f5580000)
  object space 53760K, 26% used [0x00000000e0000000,0x00000000e0ddf8d0,0x00000000e3480000)
 Metaspace       used 34278K, capacity 35364K, committed 35496K, reserved 1079296K
  class space    used 4861K, capacity 5105K, committed 5120K, reserved 1048576K
}
Event: 6.651 GC heap before
{Heap before GC invocations=11 (full 2):
 PSYoungGen      total 161792K, used 151040K [0x00000000f5580000, 0x0000000100000000, 0x0000000100000000)
  eden space 151040K, 100% used [0x00000000f5580000,0x00000000fe900000,0x00000000fe900000)
  from space 10752K, 0% used [0x00000000ff580000,0x00000000ff580000,0x0000000100000000)
  to   space 11776K, 0% used [0x00000000fe900000,0x00000000fe900000,0x00000000ff480000)
 ParOldGen       total 53760K, used 14206K [0x00000000e0000000, 0x00000000e3480000, 0x00000000f5580000)
  object space 53760K, 26% used [0x00000000e0000000,0x00000000e0ddf8d0,0x00000000e3480000)
 Metaspace       used 46354K, capacity 47758K, committed 47872K, reserved 1089536K
  class space    used 6553K, capacity 6882K, committed 6912K, reserved 1048576K
Event: 6.664 GC heap after
Heap after GC invocations=11 (full 2):
 PSYoungGen      total 162816K, used 11751K [0x00000000f5580000, 0x0000000100000000, 0x0000000100000000)
  eden space 151040K, 0% used [0x00000000f5580000,0x00000000f5580000,0x00000000fe900000)
  from space 11776K, 99% used [0x00000000fe900000,0x00000000ff479d60,0x00000000ff480000)
  to   space 11776K, 0% used [0x00000000ff480000,0x00000000ff480000,0x0000000100000000)
 ParOldGen       total 53760K, used 17561K [0x00000000e0000000, 0x00000000e3480000, 0x00000000f5580000)
  object space 53760K, 32% used [0x00000000e0000000,0x00000000e1126460,0x00000000e3480000)
 Metaspace       used 46354K, capacity 47758K, committed 47872K, reserved 1089536K
  class space    used 6553K, capacity 6882K, committed 6912K, reserved 1048576K
}
Event: 8.450 GC heap before
{Heap before GC invocations=12 (full 2):
 PSYoungGen      total 162816K, used 162791K [0x00000000f5580000, 0x0000000100000000, 0x0000000100000000)
  eden space 151040K, 100% used [0x00000000f5580000,0x00000000fe900000,0x00000000fe900000)
  from space 11776K, 99% used [0x00000000fe900000,0x00000000ff479d60,0x00000000ff480000)
  to   space 11776K, 0% used [0x00000000ff480000,0x00000000ff480000,0x0000000100000000)
 ParOldGen       total 53760K, used 17561K [0x00000000e0000000, 0x00000000e3480000, 0x00000000f5580000)
  object space 53760K, 32% used [0x00000000e0000000,0x00000000e1126460,0x00000000e3480000)
 Metaspace       used 54746K, capacity 56754K, committed 57088K, reserved 1097728K
  class space    used 7710K, capacity 8100K, committed 8192K, reserved 1048576K
Event: 8.490 GC heap after
Heap after GC invocations=12 (full 2):
 PSYoungGen      total 150528K, used 11766K [0x00000000f5580000, 0x0000000100000000, 0x0000000100000000)
  eden space 138752K, 0% used [0x00000000f5580000,0x00000000f5580000,0x00000000fdd00000)
  from space 11776K, 99% used [0x00000000ff480000,0x00000000ffffd970,0x0000000100000000)
  to   space 17920K, 0% used [0x00000000fdd00000,0x00000000fdd00000,0x00000000fee80000)
 ParOldGen       total 53760K, used 24464K [0x00000000e0000000, 0x00000000e3480000, 0x00000000f5580000)
  object space 53760K, 45% used [0x00000000e0000000,0x00000000e17e4038,0x00000000e3480000)
 Metaspace       used 54746K, capacity 56754K, committed 57088K, reserved 1097728K
  class space    used 7710K, capacity 8100K, committed 8192K, reserved 1048576K
}

