# JRE version: Java(TM) SE Runtime Environment (8.0_201-b09) (build 1.8.0_201-b09)
# Java VM: Java HotSpot(TM) 64-Bit Server VM (25.201-b09 mixed mode windows-amd64 compressed oops)
Heap:
 PSYoungGen      total 127488K, used 92445K [0x00000000f5580000, 0x0000000100000000, 0x0000000100000000)
  eden space 90624K, 77% used [0x00000000f5580000,0x00000000f99b69b8,0x00000000fae00000)
  from space 36864K, 61% used [0x00000000fdc00000,0x00000000ff210ac0,0x0000000100000000)
  to   space 41984K, 0% used [0x00000000fae00000,0x00000000fae00000,0x00000000fd700000)
 ParOldGen       total 175104K, used 64693K [0x00000000e0000000, 0x00000000eab00000, 0x00000000f5580000)
  object space 175104K, 36% used [0x00000000e0000000,0x00000000e3f2d4e8,0x00000000eab00000)
 Metaspace       used 53839K, capacity 55002K, committed 55208K, reserved 1097728K
  class space    used 7287K, capacity 7591K, committed 7600K, reserved 1048576K
GC Heap History (10 events):
Event: 4396.785 GC heap before
{Heap before GC invocations=12 (full 2):
 PSYoungGen      total 144896K, used 133025K [0x00000000f5580000, 0x0000000100000000, 0x0000000100000000)
  eden space 115200K, 100% used [0x00000000f5580000,0x00000000fc600000,0x00000000fc600000)
  from space 29696K, 60% used [0x00000000fc600000,0x00000000fd768510,0x00000000fe300000)
  to   space 29184K, 0% used [0x00000000fe380000,0x00000000fe380000,0x0000000100000000)
 ParOldGen       total 175104K, used 48322K [0x00000000e0000000, 0x00000000eab00000, 0x00000000f5580000)
  object space 175104K, 27% used [0x00000000e0000000,0x00000000e2f308a0,0x00000000eab00000)
 Metaspace       used 51448K, capacity 52500K, committed 52776K, reserved 1095680K
  class space    used 7075K, capacity 7359K, committed 7472K, reserved 1048576K
Event: 4396.800 GC heap after
Heap after GC invocations=12 (full 2):
 PSYoungGen      total 141312K, used 21929K [0x00000000f5580000, 0x00000000fff00000, 0x0000000100000000)
  eden space 113152K, 0% used [0x00000000f5580000,0x00000000f5580000,0x00000000fc400000)
  from space 28160K, 77% used [0x00000000fe380000,0x00000000ff8ea740,0x00000000fff00000)
  to   space 30208K, 0% used [0x00000000fc400000,0x00000000fc400000,0x00000000fe180000)
 ParOldGen       total 175104K, used 48330K [0x00000000e0000000, 0x00000000eab00000, 0x00000000f5580000)
  object space 175104K, 27% used [0x00000000e0000000,0x00000000e2f328a0,0x00000000eab00000)
 Metaspace       used 51448K, capacity 52500K, committed 52776K, reserved 1095680K
  class space    used 7075K, capacity 7359K, committed 7472K, reserved 1048576K
}
Event: 4397.412 GC heap before
{Heap before GC invocations=13 (full 2):
 PSYoungGen      total 141312K, used 135081K [0x00000000f5580000, 0x00000000fff00000, 0x0000000100000000)
  eden space 113152K, 100% used [0x00000000f5580000,0x00000000fc400000,0x00000000fc400000)
  from space 28160K, 77% used [0x00000000fe380000,0x00000000ff8ea740,0x00000000fff00000)
  to   space 30208K, 0% used [0x00000000fc400000,0x00000000fc400000,0x00000000fe180000)
 ParOldGen       total 175104K, used 48330K [0x00000000e0000000, 0x00000000eab00000, 0x00000000f5580000)
  object space 175104K, 27% used [0x00000000e0000000,0x00000000e2f328a0,0x00000000eab00000)
 Metaspace       used 51645K, capacity 52710K, committed 53032K, reserved 1095680K
  class space    used 7077K, capacity 7362K, committed 7472K, reserved 1048576K
Event: 4397.429 GC heap after
Heap after GC invocations=13 (full 2):
 PSYoungGen      total 140288K, used 26816K [0x00000000f5580000, 0x0000000100000000, 0x0000000100000000)
  eden space 113152K, 0% used [0x00000000f5580000,0x00000000f5580000,0x00000000fc400000)
  from space 27136K, 98% used [0x00000000fc400000,0x00000000fde302a8,0x00000000fde80000)
  to   space 33280K, 0% used [0x00000000fdf80000,0x00000000fdf80000,0x0000000100000000)
 ParOldGen       total 175104K, used 48338K [0x00000000e0000000, 0x00000000eab00000, 0x00000000f5580000)
  object space 175104K, 27% used [0x00000000e0000000,0x00000000e2f348a0,0x00000000eab00000)
 Metaspace       used 51645K, capacity 52710K, committed 53032K, reserved 1095680K
  class space    used 7077K, capacity 7362K, committed 7472K, reserved 1048576K
}
Event: 4398.605 GC heap before
{Heap before GC invocations=14 (full 2):
 PSYoungGen      total 140288K, used 139950K [0x00000000f5580000, 0x0000000100000000, 0x0000000100000000)
  eden space 113152K, 99% used [0x00000000f5580000,0x00000000fc3fb598,0x00000000fc400000)
  from space 27136K, 98% used [0x00000000fc400000,0x00000000fde302a8,0x00000000fde80000)
  to   space 33280K, 0% used [0x00000000fdf80000,0x00000000fdf80000,0x0000000100000000)
 ParOldGen       total 175104K, used 48338K [0x00000000e0000000, 0x00000000eab00000, 0x00000000f5580000)
  object space 175104K, 27% used [0x00000000e0000000,0x00000000e2f348a0,0x00000000eab00000)
 Metaspace       used 51879K, capacity 53080K, committed 53288K, reserved 1095680K
  class space    used 7086K, capacity 7373K, committed 7472K, reserved 1048576K
Event: 4398.624 GC heap after
Heap after GC invocations=14 (full 2):
 PSYoungGen      total 134144K, used 31114K [0x00000000f5580000, 0x0000000100000000, 0x0000000100000000)
  eden space 100864K, 0% used [0x00000000f5580000,0x00000000f5580000,0x00000000fb800000)
  from space 33280K, 93% used [0x00000000fdf80000,0x00000000ffde29f0,0x0000000100000000)
  to   space 36864K, 0% used [0x00000000fb800000,0x00000000fb800000,0x00000000fdc00000)
 ParOldGen       total 175104K, used 48346K [0x00000000e0000000, 0x00000000eab00000, 0x00000000f5580000)
  object space 175104K, 27% used [0x00000000e0000000,0x00000000e2f368a0,0x00000000eab00000)
 Metaspace       used 51879K, capacity 53080K, committed 53288K, reserved 1095680K
  class space    used 7086K, capacity 7373K, committed 7472K, reserved 1048576K
}
Event: 4399.431 GC heap before
{Heap before GC invocations=15 (full 2):
 PSYoungGen      total 134144K, used 131978K [0x00000000f5580000, 0x0000000100000000, 0x0000000100000000)
  eden space 100864K, 100% used [0x00000000f5580000,0x00000000fb800000,0x00000000fb800000)
  from space 33280K, 93% used [0x00000000fdf80000,0x00000000ffde29f0,0x0000000100000000)
  to   space 36864K, 0% used [0x00000000fb800000,0x00000000fb800000,0x00000000fdc00000)
 ParOldGen       total 175104K, used 48346K [0x00000000e0000000, 0x00000000eab00000, 0x00000000f5580000)
  object space 175104K, 27% used [0x00000000e0000000,0x00000000e2f368a0,0x00000000eab00000)
 Metaspace       used 53338K, capacity 54608K, committed 54696K, reserved 1095680K
  class space    used 7247K, capacity 7542K, committed 7600K, reserved 1048576K
Event: 4399.465 GC heap after
Heap after GC invocations=15 (full 2):
 PSYoungGen      total 137728K, used 36836K [0x00000000f5580000, 0x0000000100000000, 0x0000000100000000)
  eden space 100864K, 0% used [0x00000000f5580000,0x00000000f5580000,0x00000000fb800000)
  from space 36864K, 99% used [0x00000000fb800000,0x00000000fdbf9268,0x00000000fdc00000)
  to   space 36864K, 0% used [0x00000000fdc00000,0x00000000fdc00000,0x0000000100000000)
 ParOldGen       total 175104K, used 53699K [0x00000000e0000000, 0x00000000eab00000, 0x00000000f5580000)
  object space 175104K, 30% used [0x00000000e0000000,0x00000000e3470da0,0x00000000eab00000)
 Metaspace       used 53338K, capacity 54608K, committed 54696K, reserved 1095680K
  class space    used 7247K, capacity 7542K, committed 7600K, reserved 1048576K
}
Event: 4401.731 GC heap before
{Heap before GC invocations=16 (full 2):
 PSYoungGen      total 137728K, used 137692K [0x00000000f5580000, 0x0000000100000000, 0x0000000100000000)
  eden space 100864K, 99% used [0x00000000f5580000,0x00000000fb7fdf70,0x00000000fb800000)
  from space 36864K, 99% used [0x00000000fb800000,0x00000000fdbf9268,0x00000000fdc00000)
  to   space 36864K, 0% used [0x00000000fdc00000,0x00000000fdc00000,0x0000000100000000)
 ParOldGen       total 175104K, used 53699K [0x00000000e0000000, 0x00000000eab00000, 0x00000000f5580000)
  object space 175104K, 30% used [0x00000000e0000000,0x00000000e3470da0,0x00000000eab00000)
 Metaspace       used 53567K, capacity 54758K, committed 54952K, reserved 1097728K
  class space    used 7252K, capacity 7545K, committed 7600K, reserved 1048576K
Event: 4401.754 GC heap after
Heap after GC invocations=16 (full 2):
 PSYoungGen      total 127488K, used 22594K [0x00000000f5580000, 0x0000000100000000, 0x0000000100000000)
  eden space 90624K, 0% used [0x00000000f5580000,0x00000000f5580000,0x00000000fae00000)
  from space 36864K, 61% used [0x00000000fdc00000,0x00000000ff210ac0,0x0000000100000000)
  to   space 41984K, 0% used [0x00000000fae00000,0x00000000fae00000,0x00000000fd700000)
 ParOldGen       total 175104K, used 64693K [0x00000000e0000000, 0x00000000eab00000, 0x00000000f5580000)
  object space 175104K, 36% used [0x00000000e0000000,0x00000000e3f2d4e8,0x00000000eab00000)
 Metaspace       used 53567K, capacity 54758K, committed 54952K, reserved 1097728K
  class space    used 7252K, capacity 7545K, committed 7600K, reserved 1048576K
}

