# JRE version: Java(TM) SE Runtime Environment (8.0_201-b09) (build 1.8.0_201-b09)
# Java VM: Java HotSpot(TM) 64-Bit Server VM (25.201-b09 mixed mode windows-amd64 compressed oops)
Heap:
 PSYoungGen      total 162816K, used 100973K [0x00000000f5580000, 0x0000000100000000, 0x0000000100000000)
  eden space 151040K, 59% used [0x00000000f5580000,0x00000000fac9c870,0x00000000fe900000)
  from space 11776K, 99% used [0x00000000fe900000,0x00000000ff47ef60,0x00000000ff480000)
  to   space 11776K, 0% used [0x00000000ff480000,0x00000000ff480000,0x0000000100000000)
 ParOldGen       total 57344K, used 17521K [0x00000000e0000000, 0x00000000e3800000, 0x00000000f5580000)
  object space 57344K, 30% used [0x00000000e0000000,0x00000000e111c4b0,0x00000000e3800000)
 Metaspace       used 53423K, capacity 55322K, committed 55552K, reserved 1097728K
  class space    used 7532K, capacity 7906K, committed 7936K, reserved 1048576K
GC Heap History (10 events):
Event: 2.730 GC heap before
{Heap before GC invocations=7 (full 1):
 PSYoungGen      total 71680K, used 66560K [0x00000000f5580000, 0x00000000fe680000, 0x0000000100000000)
  eden space 66560K, 100% used [0x00000000f5580000,0x00000000f9680000,0x00000000f9680000)
  from space 5120K, 0% used [0x00000000f9680000,0x00000000f9680000,0x00000000f9b80000)
  to   space 7680K, 0% used [0x00000000fdf00000,0x00000000fdf00000,0x00000000fe680000)
 ParOldGen       total 57344K, used 6368K [0x00000000e0000000, 0x00000000e3800000, 0x00000000f5580000)
  object space 57344K, 11% used [0x00000000e0000000,0x00000000e0638078,0x00000000e3800000)
 Metaspace       used 26443K, capacity 27094K, committed 27392K, reserved 1073152K
  class space    used 3809K, capacity 3996K, committed 4096K, reserved 1048576K
Event: 2.737 GC heap after
Heap after GC invocations=7 (full 1):
 PSYoungGen      total 110080K, used 7158K [0x00000000f5580000, 0x00000000fe600000, 0x0000000100000000)
  eden space 102912K, 0% used [0x00000000f5580000,0x00000000f5580000,0x00000000fba00000)
  from space 7168K, 99% used [0x00000000fdf00000,0x00000000fe5fdb88,0x00000000fe600000)
  to   space 8192K, 0% used [0x00000000fd600000,0x00000000fd600000,0x00000000fde00000)
 ParOldGen       total 57344K, used 6376K [0x00000000e0000000, 0x00000000e3800000, 0x00000000f5580000)
  object space 57344K, 11% used [0x00000000e0000000,0x00000000e063a078,0x00000000e3800000)
 Metaspace       used 26443K, capacity 27094K, committed 27392K, reserved 1073152K
  class space    used 3809K, capacity 3996K, committed 4096K, reserved 1048576K
}
Event: 3.420 GC heap before
{Heap before GC invocations=8 (full 1):
 PSYoungGen      total 110080K, used 110049K [0x00000000f5580000, 0x00000000fe600000, 0x0000000100000000)
  eden space 102912K, 99% used [0x00000000f5580000,0x00000000fb9faaf8,0x00000000fba00000)
  from space 7168K, 99% used [0x00000000fdf00000,0x00000000fe5fdb88,0x00000000fe600000)
  to   space 8192K, 0% used [0x00000000fd600000,0x00000000fd600000,0x00000000fde00000)
 ParOldGen       total 57344K, used 6376K [0x00000000e0000000, 0x00000000e3800000, 0x00000000f5580000)
  object space 57344K, 11% used [0x00000000e0000000,0x00000000e063a078,0x00000000e3800000)
 Metaspace       used 31820K, capacity 32658K, committed 33024K, reserved 1077248K
  class space    used 4503K, capacity 4748K, committed 4864K, reserved 1048576K
Event: 3.430 GC heap after
Heap after GC invocations=8 (full 1):
 PSYoungGen      total 139776K, used 8172K [0x00000000f5580000, 0x0000000100000000, 0x0000000100000000)
  eden space 131584K, 0% used [0x00000000f5580000,0x00000000f5580000,0x00000000fd600000)
  from space 8192K, 99% used [0x00000000fd600000,0x00000000fddfb3e0,0x00000000fde00000)
  to   space 10752K, 0% used [0x00000000ff580000,0x00000000ff580000,0x0000000100000000)
 ParOldGen       total 57344K, used 9752K [0x00000000e0000000, 0x00000000e3800000, 0x00000000f5580000)
  object space 57344K, 17% used [0x00000000e0000000,0x00000000e0986370,0x00000000e3800000)
 Metaspace       used 31820K, capacity 32658K, committed 33024K, reserved 1077248K
  class space    used 4503K, capacity 4748K, committed 4864K, reserved 1048576K
}
Event: 4.024 GC heap before
{Heap before GC invocations=9 (full 1):
 PSYoungGen      total 139776K, used 80904K [0x00000000f5580000, 0x0000000100000000, 0x0000000100000000)
  eden space 131584K, 55% used [0x00000000f5580000,0x00000000f9c86f80,0x00000000fd600000)
  from space 8192K, 99% used [0x00000000fd600000,0x00000000fddfb3e0,0x00000000fde00000)
  to   space 10752K, 0% used [0x00000000ff580000,0x00000000ff580000,0x0000000100000000)
 ParOldGen       total 57344K, used 9752K [0x00000000e0000000, 0x00000000e3800000, 0x00000000f5580000)
  object space 57344K, 17% used [0x00000000e0000000,0x00000000e0986370,0x00000000e3800000)
 Metaspace       used 34264K, capacity 35368K, committed 35496K, reserved 1079296K
  class space    used 4861K, capacity 5105K, committed 5120K, reserved 1048576K
Event: 4.031 GC heap after
Heap after GC invocations=9 (full 1):
 PSYoungGen      total 161792K, used 9987K [0x00000000f5580000, 0x0000000100000000, 0x0000000100000000)
  eden space 151040K, 0% used [0x00000000f5580000,0x00000000f5580000,0x00000000fe900000)
  from space 10752K, 92% used [0x00000000ff580000,0x00000000fff40e08,0x0000000100000000)
  to   space 11776K, 0% used [0x00000000fe900000,0x00000000fe900000,0x00000000ff480000)
 ParOldGen       total 57344K, used 9760K [0x00000000e0000000, 0x00000000e3800000, 0x00000000f5580000)
  object space 57344K, 17% used [0x00000000e0000000,0x00000000e0988370,0x00000000e3800000)
 Metaspace       used 34264K, capacity 35368K, committed 35496K, reserved 1079296K
  class space    used 4861K, capacity 5105K, committed 5120K, reserved 1048576K
}
Event: 4.032 GC heap before
{Heap before GC invocations=10 (full 2):
 PSYoungGen      total 161792K, used 9987K [0x00000000f5580000, 0x0000000100000000, 0x0000000100000000)
  eden space 151040K, 0% used [0x00000000f5580000,0x00000000f5580000,0x00000000fe900000)
  from space 10752K, 92% used [0x00000000ff580000,0x00000000fff40e08,0x0000000100000000)
  to   space 11776K, 0% used [0x00000000fe900000,0x00000000fe900000,0x00000000ff480000)
 ParOldGen       total 57344K, used 9760K [0x00000000e0000000, 0x00000000e3800000, 0x00000000f5580000)
  object space 57344K, 17% used [0x00000000e0000000,0x00000000e0988370,0x00000000e3800000)
 Metaspace       used 34264K, capacity 35368K, committed 35496K, reserved 1079296K
  class space    used 4861K, capacity 5105K, committed 5120K, reserved 1048576K
Event: 4.084 GC heap after
Heap after GC invocations=10 (full 2):
 PSYoungGen      total 161792K, used 0K [0x00000000f5580000, 0x0000000100000000, 0x0000000100000000)
  eden space 151040K, 0% used [0x00000000f5580000,0x00000000f5580000,0x00000000fe900000)
  from space 10752K, 0% used [0x00000000ff580000,0x00000000ff580000,0x0000000100000000)
  to   space 11776K, 0% used [0x00000000fe900000,0x00000000fe900000,0x00000000ff480000)
 ParOldGen       total 57344K, used 14152K [0x00000000e0000000, 0x00000000e3800000, 0x00000000f5580000)
  object space 57344K, 24% used [0x00000000e0000000,0x00000000e0dd21f8,0x00000000e3800000)
 Metaspace       used 34264K, capacity 35368K, committed 35496K, reserved 1079296K
  class space    used 4861K, capacity 5105K, committed 5120K, reserved 1048576K
}
Event: 5.838 GC heap before
{Heap before GC invocations=11 (full 2):
 PSYoungGen      total 161792K, used 151040K [0x00000000f5580000, 0x0000000100000000, 0x0000000100000000)
  eden space 151040K, 100% used [0x00000000f5580000,0x00000000fe900000,0x00000000fe900000)
  from space 10752K, 0% used [0x00000000ff580000,0x00000000ff580000,0x0000000100000000)
  to   space 11776K, 0% used [0x00000000fe900000,0x00000000fe900000,0x00000000ff480000)
 ParOldGen       total 57344K, used 14152K [0x00000000e0000000, 0x00000000e3800000, 0x00000000f5580000)
  object space 57344K, 24% used [0x00000000e0000000,0x00000000e0dd21f8,0x00000000e3800000)
 Metaspace       used 46360K, capacity 47762K, committed 48128K, reserved 1091584K
  class space    used 6554K, capacity 6882K, committed 6912K, reserved 1048576K
Event: 5.867 GC heap after
Heap after GC invocations=11 (full 2):
 PSYoungGen      total 162816K, used 11771K [0x00000000f5580000, 0x0000000100000000, 0x0000000100000000)
  eden space 151040K, 0% used [0x00000000f5580000,0x00000000f5580000,0x00000000fe900000)
  from space 11776K, 99% used [0x00000000fe900000,0x00000000ff47ef60,0x00000000ff480000)
  to   space 11776K, 0% used [0x00000000ff480000,0x00000000ff480000,0x0000000100000000)
 ParOldGen       total 57344K, used 17521K [0x00000000e0000000, 0x00000000e3800000, 0x00000000f5580000)
  object space 57344K, 30% used [0x00000000e0000000,0x00000000e111c4b0,0x00000000e3800000)
 Metaspace       used 46360K, capacity 47762K, committed 48128K, reserved 1091584K
  class space    used 6554K, capacity 6882K, committed 6912K, reserved 1048576K
}

